<?xml version="1.0" encoding="UTF-8"?>
<testsuite name="edu.gcc.comp350.frg.CmdLineInterfaceTest" tests="1" skipped="0" failures="0" errors="0" timestamp="2023-04-22T22:12:30" hostname="5CG024DF09" time="0.254">
  <properties/>
  <testcase name="TestMultipleSchedules()" classname="edu.gcc.comp350.frg.CmdLineInterfaceTest" time="0.254"/>
  <system-out><![CDATA[Welcome to ClassMaster!

Please enter your login information or sign up: (Type help for commands & syntax)
: (Test) -> createAccount MultipleSchedulesTest password
Creating Account...
[]
Schedules:

Schedule List: (Test) -> createSchedule 1st Spring 2021

1st for semester Spring 2021 has 0 credits

Weekly View: 
Monday                      Tuesday                    Wednesday                    Thursday                    Friday                    
----------------------------------------------------------------------------------------------------------------------------------


Calendar View: (Test) -> makeSearch

Search Command Bar: (Test) -> Search ACCT 201 A
Search Results:

Search Command Bar: (Test) -> addClass 1
Index 0 out of bounds for length 0

Search Command Bar: (Test) -> back
Returning to Calendar View

1st for semester Spring 2021 has 0 credits

Weekly View: 
Monday                      Tuesday                    Wednesday                    Thursday                    Friday                    
----------------------------------------------------------------------------------------------------------------------------------


Calendar View: (Test) -> back
Returning to Schedule List
Schedules:
1: 1st

Schedule List: (Test) -> createSchedule Num2 Fall 2020

Num2 for semester Fall 2020 has 0 credits

Weekly View: 
Monday                      Tuesday                    Wednesday                    Thursday                    Friday                    
----------------------------------------------------------------------------------------------------------------------------------


Calendar View: (Test) -> back
Returning to Schedule List
Schedules:
1: 1st
2: Num2

Schedule List: (Test) -> load 2

Num2 for semester Fall 2020 has 0 credits

Weekly View: 
Monday                      Tuesday                    Wednesday                    Thursday                    Friday                    
----------------------------------------------------------------------------------------------------------------------------------


Calendar View: (Test) -> makeSearch

Search Command Bar: (Test) -> Search ACCT 201 B
Search Results:
1: ACCT 201 B, PRINCIPLES OF ACCOUNTING I, Fall 2020, [Monday 11:00 - 11:50, Wednesday 11:00 - 11:50, Friday 11:00 - 11:50], Richard Snyder

Search Command Bar: (Test) -> addclass 1
Class Added

Search Command Bar: (Test) -> back
Returning to Calendar View

Num2 for semester Fall 2020 has 3 credits
1: ACCT 201 B, PRINCIPLES OF ACCOUNTING I, Fall 2020, [Monday 11:00 - 11:50, Wednesday 11:00 - 11:50, Friday 11:00 - 11:50], Richard Snyder

Weekly View: 
Monday                      Tuesday                    Wednesday                    Thursday                    Friday                    
----------------------------------------------------------------------------------------------------------------------------------
ACCT 201 B @11:00 - 11:50                               ACCT 201 B @11:00 - 11:50                               ACCT 201 B @11:00 - 11:50   


Calendar View: (Test) -> back
Returning to Schedule List
Schedules:
1: 1st
2: Num2

Schedule List: (Test) -> deleteAccount
Are you Sure? Type: yes 
:(Test) -> yes
Deleting account...
Returning to Login screen...

Please enter your login information or sign up: (Type help for commands & syntax)
: (Test) -> quit
Thank you for using ClassMaster
]]></system-out>
  <system-err><![CDATA[]]></system-err>
</testsuite>
